# JRE version: OpenJDK Runtime Environment (17.0.6) (build 17.0.6+0-b2043.56-9586694)
# Java VM: OpenJDK 64-Bit Server VM (17.0.6+0-b2043.56-9586694, mixed mode, tiered, compressed oops, compressed class ptrs, g1 gc, windows-amd64)
GC Precious Log:
 CPUs: 8 total, 8 available
 Memory: 16220M
 Large Page Support: Disabled
 NUMA Support: Disabled
 Compressed Oops: Enabled (32-bit)
 Heap Region Size: 1M
 Heap Min Capacity: 8M
 Heap Initial Capacity: 254M
 Heap Max Capacity: 2G
 Pre-touch: Disabled
 Parallel Workers: 8
 Concurrent Workers: 2
 Concurrent Refinement Workers: 8
 Periodic GC: Disabled
Heap:
 garbage-first heap   total 365568K, used 253127K [0x0000000080000000, 0x0000000100000000)
  region size 1024K, 11 young (11264K), 11 survivors (11264K)
 Metaspace       used 129437K, committed 130496K, reserved 1163264K
  class space    used 17267K, committed 17792K, reserved 1048576K
GC Heap History (20 events):
Event: 16.946 GC heap after
{Heap after GC invocations=49 (full 0):
 garbage-first heap   total 285696K, used 174421K [0x0000000080000000, 0x0000000100000000)
  region size 1024K, 6 young (6144K), 6 survivors (6144K)
 Metaspace       used 100142K, committed 100992K, reserved 1138688K
  class space    used 13487K, committed 13888K, reserved 1048576K
}
Event: 49.110 GC heap before
{Heap before GC invocations=49 (full 0):
 garbage-first heap   total 285696K, used 237909K [0x0000000080000000, 0x0000000100000000)
  region size 1024K, 69 young (70656K), 6 survivors (6144K)
 Metaspace       used 104133K, committed 105024K, reserved 1146880K
  class space    used 13946K, committed 14336K, reserved 1048576K
}
Event: 49.121 GC heap after
{Heap after GC invocations=50 (full 0):
 garbage-first heap   total 285696K, used 179516K [0x0000000080000000, 0x0000000100000000)
  region size 1024K, 6 young (6144K), 6 survivors (6144K)
 Metaspace       used 104133K, committed 105024K, reserved 1146880K
  class space    used 13946K, committed 14336K, reserved 1048576K
}
Event: 50.041 GC heap before
{Heap before GC invocations=50 (full 0):
 garbage-first heap   total 285696K, used 237884K [0x0000000080000000, 0x0000000100000000)
  region size 1024K, 64 young (65536K), 6 survivors (6144K)
 Metaspace       used 105981K, committed 106880K, reserved 1146880K
  class space    used 14163K, committed 14592K, reserved 1048576K
}
Event: 50.053 GC heap after
{Heap after GC invocations=51 (full 0):
 garbage-first heap   total 285696K, used 186844K [0x0000000080000000, 0x0000000100000000)
  region size 1024K, 8 young (8192K), 8 survivors (8192K)
 Metaspace       used 105981K, committed 106880K, reserved 1146880K
  class space    used 14163K, committed 14592K, reserved 1048576K
}
Event: 51.649 GC heap before
{Heap before GC invocations=52 (full 0):
 garbage-first heap   total 326656K, used 233948K [0x0000000080000000, 0x0000000100000000)
  region size 1024K, 55 young (56320K), 8 survivors (8192K)
 Metaspace       used 108301K, committed 109184K, reserved 1146880K
  class space    used 14497K, committed 14912K, reserved 1048576K
}
Event: 51.660 GC heap after
{Heap after GC invocations=53 (full 0):
 garbage-first heap   total 326656K, used 193593K [0x0000000080000000, 0x0000000100000000)
  region size 1024K, 7 young (7168K), 7 survivors (7168K)
 Metaspace       used 108301K, committed 109184K, reserved 1146880K
  class space    used 14497K, committed 14912K, reserved 1048576K
}
Event: 51.810 GC heap before
{Heap before GC invocations=53 (full 0):
 garbage-first heap   total 326656K, used 200761K [0x0000000080000000, 0x0000000100000000)
  region size 1024K, 15 young (15360K), 7 survivors (7168K)
 Metaspace       used 108753K, committed 109696K, reserved 1146880K
  class space    used 14561K, committed 14976K, reserved 1048576K
}
Event: 51.821 GC heap after
{Heap after GC invocations=54 (full 0):
 garbage-first heap   total 326656K, used 194483K [0x0000000080000000, 0x0000000100000000)
  region size 1024K, 2 young (2048K), 2 survivors (2048K)
 Metaspace       used 108753K, committed 109696K, reserved 1146880K
  class space    used 14561K, committed 14976K, reserved 1048576K
}
Event: 53.462 GC heap before
{Heap before GC invocations=54 (full 0):
 garbage-first heap   total 326656K, used 273331K [0x0000000080000000, 0x0000000100000000)
  region size 1024K, 75 young (76800K), 2 survivors (2048K)
 Metaspace       used 113429K, committed 114368K, reserved 1155072K
  class space    used 15015K, committed 15488K, reserved 1048576K
}
Event: 53.467 GC heap after
{Heap after GC invocations=55 (full 0):
 garbage-first heap   total 326656K, used 197077K [0x0000000080000000, 0x0000000100000000)
  region size 1024K, 4 young (4096K), 4 survivors (4096K)
 Metaspace       used 113429K, committed 114368K, reserved 1155072K
  class space    used 15015K, committed 15488K, reserved 1048576K
}
Event: 54.583 GC heap before
{Heap before GC invocations=55 (full 0):
 garbage-first heap   total 326656K, used 272853K [0x0000000080000000, 0x0000000100000000)
  region size 1024K, 79 young (80896K), 4 survivors (4096K)
 Metaspace       used 117485K, committed 118464K, reserved 1155072K
  class space    used 15453K, committed 15872K, reserved 1048576K
}
Event: 54.587 GC heap after
{Heap after GC invocations=56 (full 0):
 garbage-first heap   total 326656K, used 195878K [0x0000000080000000, 0x0000000100000000)
  region size 1024K, 3 young (3072K), 3 survivors (3072K)
 Metaspace       used 117485K, committed 118464K, reserved 1155072K
  class space    used 15453K, committed 15872K, reserved 1048576K
}
Event: 55.485 GC heap before
{Heap before GC invocations=56 (full 0):
 garbage-first heap   total 326656K, used 275750K [0x0000000080000000, 0x0000000100000000)
  region size 1024K, 82 young (83968K), 3 survivors (3072K)
 Metaspace       used 122183K, committed 123200K, reserved 1163264K
  class space    used 16082K, committed 16576K, reserved 1048576K
}
Event: 55.493 GC heap after
{Heap after GC invocations=57 (full 0):
 garbage-first heap   total 326656K, used 200880K [0x0000000080000000, 0x0000000100000000)
  region size 1024K, 8 young (8192K), 8 survivors (8192K)
 Metaspace       used 122183K, committed 123200K, reserved 1163264K
  class space    used 16082K, committed 16576K, reserved 1048576K
}
Event: 56.089 GC heap before
{Heap before GC invocations=58 (full 0):
 garbage-first heap   total 365568K, used 297136K [0x0000000080000000, 0x0000000100000000)
  region size 1024K, 78 young (79872K), 8 survivors (8192K)
 Metaspace       used 126453K, committed 127488K, reserved 1163264K
  class space    used 16677K, committed 17152K, reserved 1048576K
}
Event: 56.101 GC heap after
{Heap after GC invocations=59 (full 0):
 garbage-first heap   total 365568K, used 224923K [0x0000000080000000, 0x0000000100000000)
  region size 1024K, 10 young (10240K), 10 survivors (10240K)
 Metaspace       used 126453K, committed 127488K, reserved 1163264K
  class space    used 16677K, committed 17152K, reserved 1048576K
}
Event: 56.161 GC heap before
{Heap before GC invocations=59 (full 0):
 garbage-first heap   total 365568K, used 231067K [0x0000000080000000, 0x0000000100000000)
  region size 1024K, 17 young (17408K), 10 survivors (10240K)
 Metaspace       used 126717K, committed 127680K, reserved 1163264K
  class space    used 16722K, committed 17152K, reserved 1048576K
}
Event: 56.168 GC heap after
{Heap after GC invocations=60 (full 0):
 garbage-first heap   total 365568K, used 224863K [0x0000000080000000, 0x0000000100000000)
  region size 1024K, 2 young (2048K), 2 survivors (2048K)
 Metaspace       used 126717K, committed 127680K, reserved 1163264K
  class space    used 16722K, committed 17152K, reserved 1048576K
}
Event: 56.839 GC heap before
{Heap before GC invocations=60 (full 0):
 garbage-first heap   total 365568K, used 308831K [0x0000000080000000, 0x0000000100000000)
  region size 1024K, 82 young (83968K), 2 survivors (2048K)
 Metaspace       used 129437K, committed 130496K, reserved 1163264K
  class space    used 17267K, committed 17792K, reserved 1048576K
}

