# JRE version: OpenJDK Runtime Environment (17.0.6) (build 17.0.6+0-b2043.56-9586694)
# Java VM: OpenJDK 64-Bit Server VM (17.0.6+0-b2043.56-9586694, mixed mode, tiered, compressed oops, compressed class ptrs, g1 gc, windows-amd64)
GC Precious Log:
 CPUs: 8 total, 8 available
 Memory: 16220M
 Large Page Support: Disabled
 NUMA Support: Disabled
 Compressed Oops: Enabled (32-bit)
 Heap Region Size: 1M
 Heap Min Capacity: 8M
 Heap Initial Capacity: 254M
 Heap Max Capacity: 2G
 Pre-touch: Disabled
 Parallel Workers: 8
 Concurrent Workers: 2
 Concurrent Refinement Workers: 8
 Periodic GC: Disabled
Heap:
 garbage-first heap   total 362496K, used 244948K [0x0000000080000000, 0x0000000100000000)
  region size 1024K, 49 young (50176K), 10 survivors (10240K)
 Metaspace       used 132953K, committed 133952K, reserved 1171456K
  class space    used 17719K, committed 18240K, reserved 1048576K
GC Heap History (20 events):
Event: 11.726 GC heap before
{Heap before GC invocations=47 (full 0):
 garbage-first heap   total 270336K, used 168078K [0x0000000080000000, 0x0000000100000000)
  region size 1024K, 13 young (13312K), 12 survivors (12288K)
 Metaspace       used 90938K, committed 91648K, reserved 1130496K
  class space    used 12400K, committed 12736K, reserved 1048576K
}
Event: 11.733 GC heap after
{Heap after GC invocations=48 (full 0):
 garbage-first heap   total 270336K, used 167059K [0x0000000080000000, 0x0000000100000000)
  region size 1024K, 2 young (2048K), 2 survivors (2048K)
 Metaspace       used 90938K, committed 91648K, reserved 1130496K
  class space    used 12400K, committed 12736K, reserved 1048576K
}
Event: 12.846 GC heap before
{Heap before GC invocations=48 (full 0):
 garbage-first heap   total 270336K, used 226451K [0x0000000080000000, 0x0000000100000000)
  region size 1024K, 60 young (61440K), 2 survivors (2048K)
 Metaspace       used 97737K, committed 98432K, reserved 1138688K
  class space    used 13260K, committed 13568K, reserved 1048576K
}
Event: 12.854 GC heap after
{Heap after GC invocations=49 (full 0):
 garbage-first heap   total 270336K, used 170495K [0x0000000080000000, 0x0000000100000000)
  region size 1024K, 5 young (5120K), 5 survivors (5120K)
 Metaspace       used 97737K, committed 98432K, reserved 1138688K
  class space    used 13260K, committed 13568K, reserved 1048576K
}
Event: 13.930 GC heap before
{Heap before GC invocations=50 (full 0):
 garbage-first heap   total 301056K, used 224767K [0x0000000080000000, 0x0000000100000000)
  region size 1024K, 59 young (60416K), 5 survivors (5120K)
 Metaspace       used 104119K, committed 104832K, reserved 1146880K
  class space    used 14080K, committed 14400K, reserved 1048576K
}
Event: 13.939 GC heap after
{Heap after GC invocations=51 (full 0):
 garbage-first heap   total 301056K, used 175402K [0x0000000080000000, 0x0000000100000000)
  region size 1024K, 5 young (5120K), 5 survivors (5120K)
 Metaspace       used 104119K, committed 104832K, reserved 1146880K
  class space    used 14080K, committed 14400K, reserved 1048576K
}
Event: 14.717 GC heap before
{Heap before GC invocations=51 (full 0):
 garbage-first heap   total 301056K, used 192810K [0x0000000080000000, 0x0000000100000000)
  region size 1024K, 23 young (23552K), 5 survivors (5120K)
 Metaspace       used 105631K, committed 106368K, reserved 1146880K
  class space    used 14223K, committed 14528K, reserved 1048576K
}
Event: 14.723 GC heap after
{Heap after GC invocations=52 (full 0):
 garbage-first heap   total 301056K, used 177154K [0x0000000080000000, 0x0000000100000000)
  region size 1024K, 7 young (7168K), 7 survivors (7168K)
 Metaspace       used 105631K, committed 106368K, reserved 1146880K
  class space    used 14223K, committed 14528K, reserved 1048576K
}
Event: 18.336 GC heap before
{Heap before GC invocations=53 (full 0):
 garbage-first heap   total 304128K, used 253954K [0x0000000080000000, 0x0000000100000000)
  region size 1024K, 81 young (82944K), 7 survivors (7168K)
 Metaspace       used 109902K, committed 110784K, reserved 1146880K
  class space    used 14762K, committed 15168K, reserved 1048576K
}
Event: 18.344 GC heap after
{Heap after GC invocations=54 (full 0):
 garbage-first heap   total 304128K, used 182048K [0x0000000080000000, 0x0000000100000000)
  region size 1024K, 7 young (7168K), 7 survivors (7168K)
 Metaspace       used 109902K, committed 110784K, reserved 1146880K
  class space    used 14762K, committed 15168K, reserved 1048576K
}
Event: 90.050 GC heap before
{Heap before GC invocations=54 (full 0):
 garbage-first heap   total 304128K, used 255776K [0x0000000080000000, 0x0000000100000000)
  region size 1024K, 80 young (81920K), 7 survivors (7168K)
 Metaspace       used 111681K, committed 112640K, reserved 1146880K
  class space    used 14967K, committed 15424K, reserved 1048576K
}
Event: 90.063 GC heap after
{Heap after GC invocations=55 (full 0):
 garbage-first heap   total 304128K, used 190706K [0x0000000080000000, 0x0000000100000000)
  region size 1024K, 10 young (10240K), 10 survivors (10240K)
 Metaspace       used 111681K, committed 112640K, reserved 1146880K
  class space    used 14967K, committed 15424K, reserved 1048576K
}
Event: 91.540 GC heap before
{Heap before GC invocations=56 (full 0):
 garbage-first heap   total 332800K, used 257266K [0x0000000080000000, 0x0000000100000000)
  region size 1024K, 70 young (71680K), 10 survivors (10240K)
 Metaspace       used 115785K, committed 116736K, reserved 1155072K
  class space    used 15540K, committed 16000K, reserved 1048576K
}
Event: 91.550 GC heap after
{Heap after GC invocations=57 (full 0):
 garbage-first heap   total 332800K, used 195104K [0x0000000080000000, 0x0000000100000000)
  region size 1024K, 5 young (5120K), 5 survivors (5120K)
 Metaspace       used 115785K, committed 116736K, reserved 1155072K
  class space    used 15540K, committed 16000K, reserved 1048576K
}
Event: 91.807 GC heap before
{Heap before GC invocations=57 (full 0):
 garbage-first heap   total 332800K, used 205344K [0x0000000080000000, 0x0000000100000000)
  region size 1024K, 16 young (16384K), 5 survivors (5120K)
 Metaspace       used 117304K, committed 118272K, reserved 1155072K
  class space    used 15670K, committed 16128K, reserved 1048576K
}
Event: 91.813 GC heap after
{Heap after GC invocations=58 (full 0):
 garbage-first heap   total 332800K, used 195584K [0x0000000080000000, 0x0000000100000000)
  region size 1024K, 1 young (1024K), 1 survivors (1024K)
 Metaspace       used 117304K, committed 118272K, reserved 1155072K
  class space    used 15670K, committed 16128K, reserved 1048576K
}
Event: 92.959 GC heap before
{Heap before GC invocations=58 (full 0):
 garbage-first heap   total 332800K, used 275456K [0x0000000080000000, 0x0000000100000000)
  region size 1024K, 80 young (81920K), 1 survivors (1024K)
 Metaspace       used 123104K, committed 124032K, reserved 1163264K
  class space    used 16429K, committed 16896K, reserved 1048576K
}
Event: 92.967 GC heap after
{Heap after GC invocations=59 (full 0):
 garbage-first heap   total 332800K, used 200036K [0x0000000080000000, 0x0000000100000000)
  region size 1024K, 6 young (6144K), 6 survivors (6144K)
 Metaspace       used 123104K, committed 124032K, reserved 1163264K
  class space    used 16429K, committed 16896K, reserved 1048576K
}
Event: 94.577 GC heap before
{Heap before GC invocations=59 (full 0):
 garbage-first heap   total 332800K, used 264548K [0x0000000080000000, 0x0000000100000000)
  region size 1024K, 71 young (72704K), 6 survivors (6144K)
 Metaspace       used 131017K, committed 131968K, reserved 1171456K
  class space    used 17434K, committed 17856K, reserved 1048576K
}
Event: 94.585 GC heap after
{Heap after GC invocations=60 (full 0):
 garbage-first heap   total 332800K, used 203988K [0x0000000080000000, 0x0000000100000000)
  region size 1024K, 10 young (10240K), 10 survivors (10240K)
 Metaspace       used 131017K, committed 131968K, reserved 1171456K
  class space    used 17434K, committed 17856K, reserved 1048576K
}

