# JRE version: OpenJDK Runtime Environment (17.0.6) (build 17.0.6+0-b2043.56-9586694)
# Java VM: OpenJDK 64-Bit Server VM (17.0.6+0-b2043.56-9586694, mixed mode, tiered, compressed oops, compressed class ptrs, g1 gc, windows-amd64)
GC Precious Log:
 CPUs: 8 total, 8 available
 Memory: 16220M
 Large Page Support: Disabled
 NUMA Support: Disabled
 Compressed Oops: Enabled (32-bit)
 Heap Region Size: 1M
 Heap Min Capacity: 8M
 Heap Initial Capacity: 254M
 Heap Max Capacity: 2G
 Pre-touch: Disabled
 Parallel Workers: 8
 Concurrent Workers: 2
 Concurrent Refinement Workers: 8
 Periodic GC: Disabled
Heap:
 garbage-first heap   total 283648K, used 172878K [0x0000000080000000, 0x0000000100000000)
  region size 1024K, 6 young (6144K), 6 survivors (6144K)
 Metaspace       used 99030K, committed 99776K, reserved 1138688K
  class space    used 13411K, committed 13760K, reserved 1048576K
GC Heap History (20 events):
Event: 24.814 GC heap after
{Heap after GC invocations=33 (full 0):
 garbage-first heap   total 220160K, used 122347K [0x0000000080000000, 0x0000000100000000)
  region size 1024K, 1 young (1024K), 1 survivors (1024K)
 Metaspace       used 72546K, committed 73152K, reserved 1114112K
  class space    used 9664K, committed 9920K, reserved 1048576K
}
Event: 24.897 GC heap before
{Heap before GC invocations=33 (full 0):
 garbage-first heap   total 220160K, used 128491K [0x0000000080000000, 0x0000000100000000)
  region size 1024K, 8 young (8192K), 1 survivors (1024K)
 Metaspace       used 73240K, committed 73920K, reserved 1114112K
  class space    used 9733K, committed 10048K, reserved 1048576K
}
Event: 24.899 GC heap after
{Heap after GC invocations=34 (full 0):
 garbage-first heap   total 220160K, used 122581K [0x0000000080000000, 0x0000000100000000)
  region size 1024K, 2 young (2048K), 2 survivors (2048K)
 Metaspace       used 73240K, committed 73920K, reserved 1114112K
  class space    used 9733K, committed 10048K, reserved 1048576K
}
Event: 25.467 GC heap before
{Heap before GC invocations=35 (full 0):
 garbage-first heap   total 220160K, used 172757K [0x0000000080000000, 0x0000000100000000)
  region size 1024K, 50 young (51200K), 2 survivors (2048K)
 Metaspace       used 74948K, committed 75712K, reserved 1114112K
  class space    used 9969K, committed 10304K, reserved 1048576K
}
Event: 25.471 GC heap after
{Heap after GC invocations=36 (full 0):
 garbage-first heap   total 220160K, used 125540K [0x0000000080000000, 0x0000000100000000)
  region size 1024K, 5 young (5120K), 5 survivors (5120K)
 Metaspace       used 74948K, committed 75712K, reserved 1114112K
  class space    used 9969K, committed 10304K, reserved 1048576K
}
Event: 25.576 GC heap before
{Heap before GC invocations=36 (full 0):
 garbage-first heap   total 220160K, used 129636K [0x0000000080000000, 0x0000000100000000)
  region size 1024K, 10 young (10240K), 5 survivors (5120K)
 Metaspace       used 75586K, committed 76352K, reserved 1122304K
  class space    used 10063K, committed 10432K, reserved 1048576K
}
Event: 25.580 GC heap after
{Heap after GC invocations=37 (full 0):
 garbage-first heap   total 220160K, used 125744K [0x0000000080000000, 0x0000000100000000)
  region size 1024K, 1 young (1024K), 1 survivors (1024K)
 Metaspace       used 75586K, committed 76352K, reserved 1122304K
  class space    used 10063K, committed 10432K, reserved 1048576K
}
Event: 26.397 GC heap before
{Heap before GC invocations=37 (full 0):
 garbage-first heap   total 220160K, used 175920K [0x0000000080000000, 0x0000000100000000)
  region size 1024K, 50 young (51200K), 1 survivors (1024K)
 Metaspace       used 81601K, committed 82368K, reserved 1122304K
  class space    used 11108K, committed 11456K, reserved 1048576K
}
Event: 26.401 GC heap after
{Heap after GC invocations=38 (full 0):
 garbage-first heap   total 220160K, used 128454K [0x0000000080000000, 0x0000000100000000)
  region size 1024K, 4 young (4096K), 4 survivors (4096K)
 Metaspace       used 81601K, committed 82368K, reserved 1122304K
  class space    used 11108K, committed 11456K, reserved 1048576K
}
Event: 27.198 GC heap before
{Heap before GC invocations=39 (full 0):
 garbage-first heap   total 234496K, used 206278K [0x0000000080000000, 0x0000000100000000)
  region size 1024K, 52 young (53248K), 4 survivors (4096K)
 Metaspace       used 85299K, committed 86016K, reserved 1130496K
  class space    used 11669K, committed 12032K, reserved 1048576K
}
Event: 27.205 GC heap after
{Heap after GC invocations=40 (full 0):
 garbage-first heap   total 234496K, used 165356K [0x0000000080000000, 0x0000000100000000)
  region size 1024K, 7 young (7168K), 7 survivors (7168K)
 Metaspace       used 85299K, committed 86016K, reserved 1130496K
  class space    used 11669K, committed 12032K, reserved 1048576K
}
Event: 27.238 GC heap before
{Heap before GC invocations=40 (full 0):
 garbage-first heap   total 234496K, used 169452K [0x0000000080000000, 0x0000000100000000)
  region size 1024K, 11 young (11264K), 7 survivors (7168K)
 Metaspace       used 85363K, committed 86144K, reserved 1130496K
  class space    used 11680K, committed 12032K, reserved 1048576K
}
Event: 27.242 GC heap after
{Heap after GC invocations=41 (full 0):
 garbage-first heap   total 234496K, used 166352K [0x0000000080000000, 0x0000000100000000)
  region size 1024K, 1 young (1024K), 1 survivors (1024K)
 Metaspace       used 85363K, committed 86144K, reserved 1130496K
  class space    used 11680K, committed 12032K, reserved 1048576K
}
Event: 27.305 GC heap before
{Heap before GC invocations=41 (full 0):
 garbage-first heap   total 234496K, used 169424K [0x0000000080000000, 0x0000000100000000)
  region size 1024K, 6 young (6144K), 1 survivors (1024K)
 Metaspace       used 85942K, committed 86720K, reserved 1130496K
  class space    used 11737K, committed 12096K, reserved 1048576K
}
Event: 27.307 GC heap after
{Heap after GC invocations=42 (full 0):
 garbage-first heap   total 234496K, used 166315K [0x0000000080000000, 0x0000000100000000)
  region size 1024K, 1 young (1024K), 1 survivors (1024K)
 Metaspace       used 85942K, committed 86720K, reserved 1130496K
  class space    used 11737K, committed 12096K, reserved 1048576K
}
Event: 28.368 GC heap before
{Heap before GC invocations=43 (full 0):
 garbage-first heap   total 283648K, used 202155K [0x0000000080000000, 0x0000000100000000)
  region size 1024K, 35 young (35840K), 1 survivors (1024K)
 Metaspace       used 92279K, committed 93056K, reserved 1130496K
  class space    used 12542K, committed 12928K, reserved 1048576K
}
Event: 28.374 GC heap after
{Heap after GC invocations=44 (full 0):
 garbage-first heap   total 283648K, used 167858K [0x0000000080000000, 0x0000000100000000)
  region size 1024K, 3 young (3072K), 3 survivors (3072K)
 Metaspace       used 92279K, committed 93056K, reserved 1130496K
  class space    used 12542K, committed 12928K, reserved 1048576K
}
Event: 28.537 GC heap before
{Heap before GC invocations=44 (full 0):
 garbage-first heap   total 283648K, used 178098K [0x0000000080000000, 0x0000000100000000)
  region size 1024K, 13 young (13312K), 3 survivors (3072K)
 Metaspace       used 93209K, committed 93952K, reserved 1130496K
  class space    used 12674K, committed 13056K, reserved 1048576K
}
Event: 28.541 GC heap after
{Heap after GC invocations=45 (full 0):
 garbage-first heap   total 283648K, used 168210K [0x0000000080000000, 0x0000000100000000)
  region size 1024K, 1 young (1024K), 1 survivors (1024K)
 Metaspace       used 93209K, committed 93952K, reserved 1130496K
  class space    used 12674K, committed 13056K, reserved 1048576K
}
Event: 29.511 GC heap before
{Heap before GC invocations=45 (full 0):
 garbage-first heap   total 283648K, used 233746K [0x0000000080000000, 0x0000000100000000)
  region size 1024K, 66 young (67584K), 1 survivors (1024K)
 Metaspace       used 99030K, committed 99776K, reserved 1138688K
  class space    used 13411K, committed 13760K, reserved 1048576K
}

