# JRE version: OpenJDK Runtime Environment (17.0.6) (build 17.0.6+0-b2043.56-9586694)
# Java VM: OpenJDK 64-Bit Server VM (17.0.6+0-b2043.56-9586694, mixed mode, tiered, compressed oops, compressed class ptrs, g1 gc, windows-amd64)
GC Precious Log:
 CPUs: 8 total, 8 available
 Memory: 16220M
 Large Page Support: Disabled
 NUMA Support: Disabled
 Compressed Oops: Enabled (32-bit)
 Heap Region Size: 1M
 Heap Min Capacity: 8M
 Heap Initial Capacity: 254M
 Heap Max Capacity: 2G
 Pre-touch: Disabled
 Parallel Workers: 8
 Concurrent Workers: 2
 Concurrent Refinement Workers: 8
 Periodic GC: Disabled
Heap:
 garbage-first heap   total 218112K, used 80675K [0x0000000080000000, 0x0000000100000000)
  region size 1024K, 7 young (7168K), 7 survivors (7168K)
 Metaspace       used 89459K, committed 90048K, reserved 1130496K
  class space    used 12263K, committed 12544K, reserved 1048576K
GC Heap History (20 events):
Event: 4.766 GC heap after
{Heap after GC invocations=14 (full 0):
 garbage-first heap   total 160768K, used 30862K [0x0000000080000000, 0x0000000100000000)
  region size 1024K, 3 young (3072K), 3 survivors (3072K)
 Metaspace       used 42688K, committed 43072K, reserved 1089536K
  class space    used 5614K, committed 5760K, reserved 1048576K
}
Event: 5.957 GC heap before
{Heap before GC invocations=14 (full 0):
 garbage-first heap   total 160768K, used 109710K [0x0000000080000000, 0x0000000100000000)
  region size 1024K, 80 young (81920K), 3 survivors (3072K)
 Metaspace       used 50378K, committed 50816K, reserved 1097728K
  class space    used 6670K, committed 6848K, reserved 1048576K
}
Event: 5.962 GC heap after
{Heap after GC invocations=15 (full 0):
 garbage-first heap   total 160768K, used 34457K [0x0000000080000000, 0x0000000100000000)
  region size 1024K, 6 young (6144K), 6 survivors (6144K)
 Metaspace       used 50378K, committed 50816K, reserved 1097728K
  class space    used 6670K, committed 6848K, reserved 1048576K
}
Event: 7.236 GC heap before
{Heap before GC invocations=15 (full 0):
 garbage-first heap   total 160768K, used 124569K [0x0000000080000000, 0x0000000100000000)
  region size 1024K, 88 young (90112K), 6 survivors (6144K)
 Metaspace       used 61169K, committed 61696K, reserved 1105920K
  class space    used 8046K, committed 8256K, reserved 1048576K
}
Event: 7.246 GC heap after
{Heap after GC invocations=16 (full 0):
 garbage-first heap   total 160768K, used 51256K [0x0000000080000000, 0x0000000100000000)
  region size 1024K, 11 young (11264K), 11 survivors (11264K)
 Metaspace       used 61169K, committed 61696K, reserved 1105920K
  class space    used 8046K, committed 8256K, reserved 1048576K
}
Event: 8.181 GC heap before
{Heap before GC invocations=16 (full 0):
 garbage-first heap   total 160768K, used 122936K [0x0000000080000000, 0x0000000100000000)
  region size 1024K, 79 young (80896K), 11 survivors (11264K)
 Metaspace       used 65800K, committed 66368K, reserved 1114112K
  class space    used 8658K, committed 8896K, reserved 1048576K
}
Event: 8.191 GC heap after
{Heap after GC invocations=17 (full 0):
 garbage-first heap   total 160768K, used 58124K [0x0000000080000000, 0x0000000100000000)
  region size 1024K, 6 young (6144K), 6 survivors (6144K)
 Metaspace       used 65800K, committed 66368K, reserved 1114112K
  class space    used 8658K, committed 8896K, reserved 1048576K
}
Event: 8.345 GC heap before
{Heap before GC invocations=17 (full 0):
 garbage-first heap   total 160768K, used 77580K [0x0000000080000000, 0x0000000100000000)
  region size 1024K, 26 young (26624K), 6 survivors (6144K)
 Metaspace       used 66308K, committed 66816K, reserved 1114112K
  class space    used 8714K, committed 8960K, reserved 1048576K
}
Event: 8.351 GC heap after
{Heap after GC invocations=18 (full 0):
 garbage-first heap   total 160768K, used 60646K [0x0000000080000000, 0x0000000100000000)
  region size 1024K, 3 young (3072K), 3 survivors (3072K)
 Metaspace       used 66308K, committed 66816K, reserved 1114112K
  class space    used 8714K, committed 8960K, reserved 1048576K
}
Event: 9.275 GC heap before
{Heap before GC invocations=19 (full 0):
 garbage-first heap   total 160768K, used 120038K [0x0000000080000000, 0x0000000100000000)
  region size 1024K, 64 young (65536K), 3 survivors (3072K)
 Metaspace       used 73387K, committed 73920K, reserved 1114112K
  class space    used 9950K, committed 10240K, reserved 1048576K
}
Event: 9.281 GC heap after
{Heap after GC invocations=20 (full 0):
 garbage-first heap   total 160768K, used 60853K [0x0000000080000000, 0x0000000100000000)
  region size 1024K, 6 young (6144K), 6 survivors (6144K)
 Metaspace       used 73387K, committed 73920K, reserved 1114112K
  class space    used 9950K, committed 10240K, reserved 1048576K
}
Event: 9.296 GC heap before
{Heap before GC invocations=20 (full 0):
 garbage-first heap   total 160768K, used 61877K [0x0000000080000000, 0x0000000100000000)
  region size 1024K, 7 young (7168K), 6 survivors (6144K)
 Metaspace       used 73485K, committed 74112K, reserved 1114112K
  class space    used 9960K, committed 10240K, reserved 1048576K
}
Event: 9.301 GC heap after
{Heap after GC invocations=21 (full 0):
 garbage-first heap   total 160768K, used 61135K [0x0000000080000000, 0x0000000100000000)
  region size 1024K, 1 young (1024K), 1 survivors (1024K)
 Metaspace       used 73485K, committed 74112K, reserved 1114112K
  class space    used 9960K, committed 10240K, reserved 1048576K
}
Event: 10.201 GC heap before
{Heap before GC invocations=21 (full 0):
 garbage-first heap   total 160768K, used 125647K [0x0000000080000000, 0x0000000100000000)
  region size 1024K, 64 young (65536K), 1 survivors (1024K)
 Metaspace       used 80014K, committed 80640K, reserved 1122304K
  class space    used 10885K, committed 11136K, reserved 1048576K
}
Event: 10.206 GC heap after
{Heap after GC invocations=22 (full 0):
 garbage-first heap   total 160768K, used 65195K [0x0000000080000000, 0x0000000100000000)
  region size 1024K, 5 young (5120K), 5 survivors (5120K)
 Metaspace       used 80014K, committed 80640K, reserved 1122304K
  class space    used 10885K, committed 11136K, reserved 1048576K
}
Event: 10.900 GC heap before
{Heap before GC invocations=22 (full 0):
 garbage-first heap   total 160768K, used 126635K [0x0000000080000000, 0x0000000100000000)
  region size 1024K, 66 young (67584K), 5 survivors (5120K)
 Metaspace       used 82406K, committed 83008K, reserved 1122304K
  class space    used 11332K, committed 11584K, reserved 1048576K
}
Event: 10.909 GC heap after
{Heap after GC invocations=23 (full 0):
 garbage-first heap   total 160768K, used 74274K [0x0000000080000000, 0x0000000100000000)
  region size 1024K, 9 young (9216K), 9 survivors (9216K)
 Metaspace       used 82406K, committed 83008K, reserved 1122304K
  class space    used 11332K, committed 11584K, reserved 1048576K
}
Event: 11.552 GC heap before
{Heap before GC invocations=23 (full 0):
 garbage-first heap   total 160768K, used 125474K [0x0000000080000000, 0x0000000100000000)
  region size 1024K, 60 young (61440K), 9 survivors (9216K)
 Metaspace       used 83519K, committed 84160K, reserved 1122304K
  class space    used 11519K, committed 11776K, reserved 1048576K
}
Event: 11.562 GC heap after
{Heap after GC invocations=24 (full 0):
 garbage-first heap   total 160768K, used 78331K [0x0000000080000000, 0x0000000100000000)
  region size 1024K, 4 young (4096K), 4 survivors (4096K)
 Metaspace       used 83519K, committed 84160K, reserved 1122304K
  class space    used 11519K, committed 11776K, reserved 1048576K
}
Event: 12.279 GC heap before
{Heap before GC invocations=24 (full 0):
 garbage-first heap   total 160768K, used 127483K [0x0000000080000000, 0x0000000100000000)
  region size 1024K, 53 young (54272K), 4 survivors (4096K)
 Metaspace       used 89459K, committed 90048K, reserved 1130496K
  class space    used 12263K, committed 12544K, reserved 1048576K
}

