# JRE version: OpenJDK Runtime Environment (17.0.6) (build 17.0.6+0-b2043.56-9586694)
# Java VM: OpenJDK 64-Bit Server VM (17.0.6+0-b2043.56-9586694, mixed mode, tiered, compressed oops, compressed class ptrs, g1 gc, windows-amd64)
GC Precious Log:
 CPUs: 8 total, 8 available
 Memory: 16220M
 Large Page Support: Disabled
 NUMA Support: Disabled
 Compressed Oops: Enabled (32-bit)
 Heap Region Size: 1M
 Heap Min Capacity: 8M
 Heap Initial Capacity: 254M
 Heap Max Capacity: 2G
 Pre-touch: Disabled
 Parallel Workers: 8
 Concurrent Workers: 2
 Concurrent Refinement Workers: 8
 Periodic GC: Disabled
Heap:
 garbage-first heap   total 260096K, used 154411K [0x0000000080000000, 0x0000000100000000)
  region size 1024K, 3 young (3072K), 3 survivors (3072K)
 Metaspace       used 98153K, committed 98816K, reserved 1138688K
  class space    used 13618K, committed 13888K, reserved 1048576K
GC Heap History (20 events):
Event: 12.440 GC heap after
{Heap after GC invocations=38 (full 0):
 garbage-first heap   total 124928K, used 75177K [0x0000000080000000, 0x0000000100000000)
  region size 1024K, 2 young (2048K), 2 survivors (2048K)
 Metaspace       used 83456K, committed 84032K, reserved 1122304K
  class space    used 11526K, committed 11776K, reserved 1048576K
}
Event: 13.291 GC heap before
{Heap before GC invocations=39 (full 0):
 garbage-first heap   total 138240K, used 100777K [0x0000000080000000, 0x0000000100000000)
  region size 1024K, 28 young (28672K), 2 survivors (2048K)
 Metaspace       used 87173K, committed 87872K, reserved 1130496K
  class space    used 11944K, committed 12288K, reserved 1048576K
}
Event: 13.294 GC heap after
{Heap after GC invocations=40 (full 0):
 garbage-first heap   total 138240K, used 76170K [0x0000000080000000, 0x0000000100000000)
  region size 1024K, 3 young (3072K), 3 survivors (3072K)
 Metaspace       used 87173K, committed 87872K, reserved 1130496K
  class space    used 11944K, committed 12288K, reserved 1048576K
}
Event: 13.333 GC heap before
{Heap before GC invocations=40 (full 0):
 garbage-first heap   total 138240K, used 79242K [0x0000000080000000, 0x0000000100000000)
  region size 1024K, 6 young (6144K), 3 survivors (3072K)
 Metaspace       used 87584K, committed 88256K, reserved 1130496K
  class space    used 12015K, committed 12352K, reserved 1048576K
}
Event: 13.336 GC heap after
{Heap after GC invocations=41 (full 0):
 garbage-first heap   total 138240K, used 76588K [0x0000000080000000, 0x0000000100000000)
  region size 1024K, 1 young (1024K), 1 survivors (1024K)
 Metaspace       used 87584K, committed 88256K, reserved 1130496K
  class space    used 12015K, committed 12352K, reserved 1048576K
}
Event: 13.851 GC heap before
{Heap before GC invocations=41 (full 0):
 garbage-first heap   total 138240K, used 112428K [0x0000000080000000, 0x0000000100000000)
  region size 1024K, 37 young (37888K), 1 survivors (1024K)
 Metaspace       used 91039K, committed 91712K, reserved 1130496K
  class space    used 12482K, committed 12800K, reserved 1048576K
}
Event: 13.856 GC heap after
{Heap after GC invocations=42 (full 0):
 garbage-first heap   total 138240K, used 79293K [0x0000000080000000, 0x0000000100000000)
  region size 1024K, 4 young (4096K), 4 survivors (4096K)
 Metaspace       used 91039K, committed 91712K, reserved 1130496K
  class space    used 12482K, committed 12800K, reserved 1048576K
}
Event: 14.263 GC heap before
{Heap before GC invocations=43 (full 0):
 garbage-first heap   total 145408K, used 116157K [0x0000000080000000, 0x0000000100000000)
  region size 1024K, 37 young (37888K), 4 survivors (4096K)
 Metaspace       used 91624K, committed 92352K, reserved 1130496K
  class space    used 12532K, committed 12864K, reserved 1048576K
}
Event: 14.270 GC heap after
{Heap after GC invocations=44 (full 0):
 garbage-first heap   total 145408K, used 86381K [0x0000000080000000, 0x0000000100000000)
  region size 1024K, 3 young (3072K), 3 survivors (3072K)
 Metaspace       used 91624K, committed 92352K, reserved 1130496K
  class space    used 12532K, committed 12864K, reserved 1048576K
}
Event: 14.330 GC heap before
{Heap before GC invocations=44 (full 0):
 garbage-first heap   total 145408K, used 93549K [0x0000000080000000, 0x0000000100000000)
  region size 1024K, 7 young (7168K), 3 survivors (3072K)
 Metaspace       used 92010K, committed 92736K, reserved 1130496K
  class space    used 12584K, committed 12928K, reserved 1048576K
}
Event: 14.336 GC heap after
{Heap after GC invocations=45 (full 0):
 garbage-first heap   total 187392K, used 89900K [0x0000000080000000, 0x0000000100000000)
  region size 1024K, 1 young (1024K), 1 survivors (1024K)
 Metaspace       used 92010K, committed 92736K, reserved 1130496K
  class space    used 12584K, committed 12928K, reserved 1048576K
}
Event: 14.894 GC heap before
{Heap before GC invocations=45 (full 0):
 garbage-first heap   total 187392K, used 170796K [0x0000000080000000, 0x0000000100000000)
  region size 1024K, 63 young (64512K), 1 survivors (1024K)
 Metaspace       used 95704K, committed 96384K, reserved 1138688K
  class space    used 13110K, committed 13440K, reserved 1048576K
}
Event: 14.907 GC heap after
{Heap after GC invocations=46 (full 0):
 garbage-first heap   total 187392K, used 111129K [0x0000000080000000, 0x0000000100000000)
  region size 1024K, 8 young (8192K), 8 survivors (8192K)
 Metaspace       used 95704K, committed 96384K, reserved 1138688K
  class space    used 13110K, committed 13440K, reserved 1048576K
}
Event: 15.269 GC heap before
{Heap before GC invocations=47 (full 0):
 garbage-first heap   total 203776K, used 147993K [0x0000000080000000, 0x0000000100000000)
  region size 1024K, 43 young (44032K), 8 survivors (8192K)
 Metaspace       used 98039K, committed 98624K, reserved 1138688K
  class space    used 13618K, committed 13888K, reserved 1048576K
}
Event: 15.293 GC heap after
{Heap after GC invocations=48 (full 0):
 garbage-first heap   total 203776K, used 126976K [0x0000000080000000, 0x0000000100000000)
  region size 1024K, 6 young (6144K), 6 survivors (6144K)
 Metaspace       used 98039K, committed 98624K, reserved 1138688K
  class space    used 13618K, committed 13888K, reserved 1048576K
}
Event: 15.312 GC heap before
{Heap before GC invocations=48 (full 0):
 garbage-first heap   total 203776K, used 130048K [0x0000000080000000, 0x0000000100000000)
  region size 1024K, 9 young (9216K), 6 survivors (6144K)
 Metaspace       used 98075K, committed 98752K, reserved 1138688K
  class space    used 13618K, committed 13888K, reserved 1048576K
}
Event: 15.325 GC heap after
{Heap after GC invocations=49 (full 0):
 garbage-first heap   total 203776K, used 129458K [0x0000000080000000, 0x0000000100000000)
  region size 1024K, 2 young (2048K), 2 survivors (2048K)
 Metaspace       used 98075K, committed 98752K, reserved 1138688K
  class space    used 13618K, committed 13888K, reserved 1048576K
}
Event: 15.510 GC heap before
{Heap before GC invocations=49 (full 0):
 garbage-first heap   total 203776K, used 159154K [0x0000000080000000, 0x0000000100000000)
  region size 1024K, 31 young (31744K), 2 survivors (2048K)
 Metaspace       used 98129K, committed 98816K, reserved 1138688K
  class space    used 13618K, committed 13888K, reserved 1048576K
}
Event: 15.520 GC heap after
{Heap after GC invocations=50 (full 0):
 garbage-first heap   total 203776K, used 144174K [0x0000000080000000, 0x0000000100000000)
  region size 1024K, 4 young (4096K), 4 survivors (4096K)
 Metaspace       used 98129K, committed 98816K, reserved 1138688K
  class space    used 13618K, committed 13888K, reserved 1048576K
}
Event: 15.629 GC heap before
{Heap before GC invocations=50 (full 0):
 garbage-first heap   total 203776K, used 162606K [0x0000000080000000, 0x0000000100000000)
  region size 1024K, 22 young (22528K), 4 survivors (4096K)
 Metaspace       used 98153K, committed 98816K, reserved 1138688K
  class space    used 13618K, committed 13888K, reserved 1048576K
}

