# JRE version: OpenJDK Runtime Environment (17.0.6) (build 17.0.6+0-b2043.56-9586694)
# Java VM: OpenJDK 64-Bit Server VM (17.0.6+0-b2043.56-9586694, mixed mode, tiered, compressed oops, compressed class ptrs, g1 gc, windows-amd64)
GC Precious Log:
 CPUs: 8 total, 8 available
 Memory: 16220M
 Large Page Support: Disabled
 NUMA Support: Disabled
 Compressed Oops: Enabled (32-bit)
 Heap Region Size: 1M
 Heap Min Capacity: 8M
 Heap Initial Capacity: 254M
 Heap Max Capacity: 2G
 Pre-touch: Disabled
 Parallel Workers: 8
 Concurrent Workers: 2
 Concurrent Refinement Workers: 8
 Periodic GC: Disabled
Heap:
 garbage-first heap   total 198656K, used 144948K [0x0000000080000000, 0x0000000100000000)
  region size 1024K, 45 young (46080K), 1 survivors (1024K)
 Metaspace       used 116293K, committed 117120K, reserved 1155072K
  class space    used 16005K, committed 16384K, reserved 1048576K
GC Heap History (20 events):
Event: 219.253 GC heap before
{Heap before GC invocations=46 (full 0):
 garbage-first heap   total 158720K, used 94579K [0x0000000080000000, 0x0000000100000000)
  region size 1024K, 7 young (7168K), 6 survivors (6144K)
 Metaspace       used 114329K, committed 115072K, reserved 1155072K
  class space    used 15909K, committed 16256K, reserved 1048576K
}
Event: 219.262 GC heap after
{Heap after GC invocations=47 (full 0):
 garbage-first heap   total 158720K, used 93297K [0x0000000080000000, 0x0000000100000000)
  region size 1024K, 1 young (1024K), 1 survivors (1024K)
 Metaspace       used 114329K, committed 115072K, reserved 1155072K
  class space    used 15909K, committed 16256K, reserved 1048576K
}
Event: 219.448 GC heap before
{Heap before GC invocations=47 (full 0):
 garbage-first heap   total 158720K, used 102513K [0x0000000080000000, 0x0000000100000000)
  region size 1024K, 11 young (11264K), 1 survivors (1024K)
 Metaspace       used 114413K, committed 115200K, reserved 1155072K
  class space    used 15910K, committed 16256K, reserved 1048576K
}
Event: 219.451 GC heap after
{Heap after GC invocations=48 (full 0):
 garbage-first heap   total 158720K, used 94817K [0x0000000080000000, 0x0000000100000000)
  region size 1024K, 3 young (3072K), 3 survivors (3072K)
 Metaspace       used 114413K, committed 115200K, reserved 1155072K
  class space    used 15910K, committed 16256K, reserved 1048576K
}
Event: 219.897 GC heap before
{Heap before GC invocations=49 (full 0):
 garbage-first heap   total 179200K, used 129633K [0x0000000080000000, 0x0000000100000000)
  region size 1024K, 36 young (36864K), 3 survivors (3072K)
 Metaspace       used 114629K, committed 115392K, reserved 1155072K
  class space    used 15914K, committed 16256K, reserved 1048576K
}
Event: 219.900 GC heap after
{Heap after GC invocations=50 (full 0):
 garbage-first heap   total 179200K, used 96551K [0x0000000080000000, 0x0000000100000000)
  region size 1024K, 2 young (2048K), 2 survivors (2048K)
 Metaspace       used 114629K, committed 115392K, reserved 1155072K
  class space    used 15914K, committed 16256K, reserved 1048576K
}
Event: 219.985 GC heap before
{Heap before GC invocations=50 (full 0):
 garbage-first heap   total 179200K, used 102695K [0x0000000080000000, 0x0000000100000000)
  region size 1024K, 8 young (8192K), 2 survivors (2048K)
 Metaspace       used 114836K, committed 115584K, reserved 1155072K
  class space    used 15933K, committed 16256K, reserved 1048576K
}
Event: 219.989 GC heap after
{Heap after GC invocations=51 (full 0):
 garbage-first heap   total 179200K, used 92583K [0x0000000080000000, 0x0000000100000000)
  region size 1024K, 1 young (1024K), 1 survivors (1024K)
 Metaspace       used 114836K, committed 115584K, reserved 1155072K
  class space    used 15933K, committed 16256K, reserved 1048576K
}
Event: 220.148 GC heap before
{Heap before GC invocations=51 (full 0):
 garbage-first heap   total 179200K, used 98727K [0x0000000080000000, 0x0000000100000000)
  region size 1024K, 9 young (9216K), 1 survivors (1024K)
 Metaspace       used 114857K, committed 115584K, reserved 1155072K
  class space    used 15934K, committed 16256K, reserved 1048576K
}
Event: 220.150 GC heap after
{Heap after GC invocations=52 (full 0):
 garbage-first heap   total 179200K, used 92744K [0x0000000080000000, 0x0000000100000000)
  region size 1024K, 1 young (1024K), 1 survivors (1024K)
 Metaspace       used 114857K, committed 115584K, reserved 1155072K
  class space    used 15934K, committed 16256K, reserved 1048576K
}
Event: 247.056 GC heap before
{Heap before GC invocations=53 (full 0):
 garbage-first heap   total 179200K, used 155208K [0x0000000080000000, 0x0000000100000000)
  region size 1024K, 54 young (55296K), 1 survivors (1024K)
 Metaspace       used 115451K, committed 116288K, reserved 1155072K
  class space    used 15955K, committed 16320K, reserved 1048576K
}
Event: 247.065 GC heap after
{Heap after GC invocations=54 (full 0):
 garbage-first heap   total 179200K, used 103365K [0x0000000080000000, 0x0000000100000000)
  region size 1024K, 7 young (7168K), 7 survivors (7168K)
 Metaspace       used 115451K, committed 116288K, reserved 1155072K
  class space    used 15955K, committed 16320K, reserved 1048576K
}
Event: 247.071 GC heap before
{Heap before GC invocations=54 (full 0):
 garbage-first heap   total 179200K, used 104389K [0x0000000080000000, 0x0000000100000000)
  region size 1024K, 8 young (8192K), 7 survivors (7168K)
 Metaspace       used 115451K, committed 116288K, reserved 1155072K
  class space    used 15955K, committed 16320K, reserved 1048576K
}
Event: 247.080 GC heap after
{Heap after GC invocations=55 (full 0):
 garbage-first heap   total 179200K, used 103026K [0x0000000080000000, 0x0000000100000000)
  region size 1024K, 1 young (1024K), 1 survivors (1024K)
 Metaspace       used 115451K, committed 116288K, reserved 1155072K
  class space    used 15955K, committed 16320K, reserved 1048576K
}
Event: 247.735 GC heap before
{Heap before GC invocations=55 (full 0):
 garbage-first heap   total 179200K, used 142962K [0x0000000080000000, 0x0000000100000000)
  region size 1024K, 42 young (43008K), 1 survivors (1024K)
 Metaspace       used 115687K, committed 116480K, reserved 1155072K
  class space    used 15969K, committed 16320K, reserved 1048576K
}
Event: 247.742 GC heap after
{Heap after GC invocations=56 (full 0):
 garbage-first heap   total 179200K, used 107304K [0x0000000080000000, 0x0000000100000000)
  region size 1024K, 5 young (5120K), 5 survivors (5120K)
 Metaspace       used 115687K, committed 116480K, reserved 1155072K
  class space    used 15969K, committed 16320K, reserved 1048576K
}
Event: 2083.112 GC heap before
{Heap before GC invocations=57 (full 0):
 garbage-first heap   total 198656K, used 153384K [0x0000000080000000, 0x0000000100000000)
  region size 1024K, 43 young (44032K), 5 survivors (5120K)
 Metaspace       used 115913K, committed 116672K, reserved 1155072K
  class space    used 15969K, committed 16320K, reserved 1048576K
}
Event: 2083.115 GC heap after
{Heap after GC invocations=58 (full 0):
 garbage-first heap   total 198656K, used 106825K [0x0000000080000000, 0x0000000100000000)
  region size 1024K, 1 young (1024K), 1 survivors (1024K)
 Metaspace       used 115913K, committed 116672K, reserved 1155072K
  class space    used 15969K, committed 16320K, reserved 1048576K
}
Event: 2532.113 GC heap before
{Heap before GC invocations=58 (full 0):
 garbage-first heap   total 198656K, used 115017K [0x0000000080000000, 0x0000000100000000)
  region size 1024K, 9 young (9216K), 1 survivors (1024K)
 Metaspace       used 115915K, committed 116672K, reserved 1155072K
  class space    used 15969K, committed 16320K, reserved 1048576K
}
Event: 2532.118 GC heap after
{Heap after GC invocations=59 (full 0):
 garbage-first heap   total 198656K, used 101940K [0x0000000080000000, 0x0000000100000000)
  region size 1024K, 1 young (1024K), 1 survivors (1024K)
 Metaspace       used 115915K, committed 116672K, reserved 1155072K
  class space    used 15969K, committed 16320K, reserved 1048576K
}

