# JRE version: OpenJDK Runtime Environment (17.0.6) (build 17.0.6+0-b2043.56-9586694)
# Java VM: OpenJDK 64-Bit Server VM (17.0.6+0-b2043.56-9586694, mixed mode, tiered, compressed oops, compressed class ptrs, g1 gc, windows-amd64)
GC Precious Log:
 CPUs: 8 total, 8 available
 Memory: 16220M
 Large Page Support: Disabled
 NUMA Support: Disabled
 Compressed Oops: Enabled (32-bit)
 Heap Region Size: 1M
 Heap Min Capacity: 8M
 Heap Initial Capacity: 254M
 Heap Max Capacity: 2G
 Pre-touch: Disabled
 Parallel Workers: 8
 Concurrent Workers: 2
 Concurrent Refinement Workers: 8
 Periodic GC: Disabled
Heap:
 garbage-first heap   total 229376K, used 118678K [0x0000000080000000, 0x0000000100000000)
  region size 1024K, 39 young (39936K), 2 survivors (2048K)
 Metaspace       used 93242K, committed 93952K, reserved 1130496K
  class space    used 12724K, committed 13056K, reserved 1048576K
GC Heap History (20 events):
Event: 7.477 GC heap before
{Heap before GC invocations=25 (full 0):
 garbage-first heap   total 101376K, used 76605K [0x0000000080000000, 0x0000000100000000)
  region size 1024K, 28 young (28672K), 4 survivors (4096K)
 Metaspace       used 65655K, committed 66176K, reserved 1114112K
  class space    used 8664K, committed 8896K, reserved 1048576K
}
Event: 7.481 GC heap after
{Heap after GC invocations=26 (full 0):
 garbage-first heap   total 101376K, used 52352K [0x0000000080000000, 0x0000000100000000)
  region size 1024K, 2 young (2048K), 2 survivors (2048K)
 Metaspace       used 65655K, committed 66176K, reserved 1114112K
  class space    used 8664K, committed 8896K, reserved 1048576K
}
Event: 7.495 GC heap before
{Heap before GC invocations=26 (full 0):
 garbage-first heap   total 101376K, used 54400K [0x0000000080000000, 0x0000000100000000)
  region size 1024K, 4 young (4096K), 2 survivors (2048K)
 Metaspace       used 65665K, committed 66176K, reserved 1114112K
  class space    used 8664K, committed 8896K, reserved 1048576K
}
Event: 7.499 GC heap after
{Heap after GC invocations=27 (full 0):
 garbage-first heap   total 122880K, used 52457K [0x0000000080000000, 0x0000000100000000)
  region size 1024K, 1 young (1024K), 1 survivors (1024K)
 Metaspace       used 65665K, committed 66176K, reserved 1114112K
  class space    used 8664K, committed 8896K, reserved 1048576K
}
Event: 7.904 GC heap before
{Heap before GC invocations=27 (full 0):
 garbage-first heap   total 122880K, used 91369K [0x0000000080000000, 0x0000000100000000)
  region size 1024K, 39 young (39936K), 1 survivors (1024K)
 Metaspace       used 68542K, committed 69184K, reserved 1114112K
  class space    used 9127K, committed 9408K, reserved 1048576K
}
Event: 7.907 GC heap after
{Heap after GC invocations=28 (full 0):
 garbage-first heap   total 122880K, used 54933K [0x0000000080000000, 0x0000000100000000)
  region size 1024K, 3 young (3072K), 3 survivors (3072K)
 Metaspace       used 68542K, committed 69184K, reserved 1114112K
  class space    used 9127K, committed 9408K, reserved 1048576K
}
Event: 8.450 GC heap before
{Heap before GC invocations=28 (full 0):
 garbage-first heap   total 122880K, used 93845K [0x0000000080000000, 0x0000000100000000)
  region size 1024K, 41 young (41984K), 3 survivors (3072K)
 Metaspace       used 73137K, committed 73728K, reserved 1114112K
  class space    used 9924K, committed 10176K, reserved 1048576K
}
Event: 8.456 GC heap after
{Heap after GC invocations=29 (full 0):
 garbage-first heap   total 122880K, used 57674K [0x0000000080000000, 0x0000000100000000)
  region size 1024K, 6 young (6144K), 6 survivors (6144K)
 Metaspace       used 73137K, committed 73728K, reserved 1114112K
  class space    used 9924K, committed 10176K, reserved 1048576K
}
Event: 9.052 GC heap before
{Heap before GC invocations=29 (full 0):
 garbage-first heap   total 122880K, used 95562K [0x0000000080000000, 0x0000000100000000)
  region size 1024K, 43 young (44032K), 6 survivors (6144K)
 Metaspace       used 78179K, committed 78784K, reserved 1122304K
  class space    used 10659K, committed 10944K, reserved 1048576K
}
Event: 9.058 GC heap after
{Heap after GC invocations=30 (full 0):
 garbage-first heap   total 122880K, used 60098K [0x0000000080000000, 0x0000000100000000)
  region size 1024K, 6 young (6144K), 6 survivors (6144K)
 Metaspace       used 78179K, committed 78784K, reserved 1122304K
  class space    used 10659K, committed 10944K, reserved 1048576K
}
Event: 9.480 GC heap before
{Heap before GC invocations=30 (full 0):
 garbage-first heap   total 122880K, used 96962K [0x0000000080000000, 0x0000000100000000)
  region size 1024K, 42 young (43008K), 6 survivors (6144K)
 Metaspace       used 80345K, committed 80960K, reserved 1122304K
  class space    used 10944K, committed 11200K, reserved 1048576K
}
Event: 9.489 GC heap after
{Heap after GC invocations=31 (full 0):
 garbage-first heap   total 122880K, used 63763K [0x0000000080000000, 0x0000000100000000)
  region size 1024K, 6 young (6144K), 6 survivors (6144K)
 Metaspace       used 80345K, committed 80960K, reserved 1122304K
  class space    used 10944K, committed 11200K, reserved 1048576K
}
Event: 9.740 GC heap before
{Heap before GC invocations=31 (full 0):
 garbage-first heap   total 122880K, used 98579K [0x0000000080000000, 0x0000000100000000)
  region size 1024K, 40 young (40960K), 6 survivors (6144K)
 Metaspace       used 80511K, committed 81088K, reserved 1122304K
  class space    used 10959K, committed 11264K, reserved 1048576K
}
Event: 9.749 GC heap after
{Heap after GC invocations=32 (full 0):
 garbage-first heap   total 122880K, used 69875K [0x0000000080000000, 0x0000000100000000)
  region size 1024K, 5 young (5120K), 5 survivors (5120K)
 Metaspace       used 80511K, committed 81088K, reserved 1122304K
  class space    used 10959K, committed 11264K, reserved 1048576K
}
Event: 10.244 GC heap before
{Heap before GC invocations=32 (full 0):
 garbage-first heap   total 122880K, used 98547K [0x0000000080000000, 0x0000000100000000)
  region size 1024K, 33 young (33792K), 5 survivors (5120K)
 Metaspace       used 82857K, committed 83456K, reserved 1122304K
  class space    used 11474K, committed 11712K, reserved 1048576K
}
Event: 10.254 GC heap after
{Heap after GC invocations=33 (full 0):
 garbage-first heap   total 229376K, used 73921K [0x0000000080000000, 0x0000000100000000)
  region size 1024K, 4 young (4096K), 4 survivors (4096K)
 Metaspace       used 82857K, committed 83456K, reserved 1122304K
  class space    used 11474K, committed 11712K, reserved 1048576K
}
Event: 11.571 GC heap before
{Heap before GC invocations=34 (full 0):
 garbage-first heap   total 229376K, used 172225K [0x0000000080000000, 0x0000000100000000)
  region size 1024K, 101 young (103424K), 4 survivors (4096K)
 Metaspace       used 90008K, committed 90624K, reserved 1130496K
  class space    used 12316K, committed 12608K, reserved 1048576K
}
Event: 11.579 GC heap after
{Heap after GC invocations=35 (full 0):
 garbage-first heap   total 229376K, used 79123K [0x0000000080000000, 0x0000000100000000)
  region size 1024K, 9 young (9216K), 9 survivors (9216K)
 Metaspace       used 90008K, committed 90624K, reserved 1130496K
  class space    used 12316K, committed 12608K, reserved 1048576K
}
Event: 11.603 GC heap before
{Heap before GC invocations=35 (full 0):
 garbage-first heap   total 229376K, used 80147K [0x0000000080000000, 0x0000000100000000)
  region size 1024K, 11 young (11264K), 9 survivors (9216K)
 Metaspace       used 90492K, committed 91136K, reserved 1130496K
  class space    used 12397K, committed 12672K, reserved 1048576K
}
Event: 11.608 GC heap after
{Heap after GC invocations=36 (full 0):
 garbage-first heap   total 229376K, used 79766K [0x0000000080000000, 0x0000000100000000)
  region size 1024K, 2 young (2048K), 2 survivors (2048K)
 Metaspace       used 90492K, committed 91136K, reserved 1130496K
  class space    used 12397K, committed 12672K, reserved 1048576K
}

